<?xml version="1.0" encoding="UTF-8"?>
<!-- Generated by org.testng.reporters.JUnitXMLReporter -->
<testsuite ignored="1" hostname="TALEW42NLPC2915" failures="1" tests="1" name="Default test(failed)" time="0.147" errors="0" timestamp="2025-08-07T16:44:47 IST">
  <testcase classname="testngdemo.G_PassAndFailTest" name="test1" time="0.028">
    <failure type="java.lang.AssertionError" message="expected [Google1] but found [Google]">
      <![CDATA[java.lang.AssertionError: expected [Google1] but found [Google]
at testngdemo.G_PassAndFailTest.test1(G_PassAndFailTest.java:16)
at java.base/java.util.ArrayList.forEach(ArrayList.java:1596)
... Removed 31 stack frames]]>
    </failure>
  </testcase> <!-- test1 -->
  <testcase classname="testngdemo.G_PassAndFailTest" name="test2" time="0.0">
    <ignored/>
  </testcase> <!-- test2 -->
</testsuite> <!-- Default test(failed) -->
